<?xml version="1.0" encoding="UTF-8"?>
<!-- Generated by org.testng.reporters.JUnitXMLReporter -->
<testsuite hostname="Danishs-Air" name="SystemTest" tests="4" failures="3" timestamp="8 Jun 2020 10:54:42 GMT" time="167.654" errors="0">
  <testcase name="SystemTest1" time="94.595" classname="TestCases.SystemTest"/>
  <testcase name="SystemTest1" time="25.892" classname="TestCases.SystemTest">
    <failure type="java.lang.AssertionError" message="User email or password incorrect ">
      <![CDATA[java.lang.AssertionError: User email or password incorrect 
	at baseClasses.PageBaseClass.reportFail(PageBaseClass.java:51)
	at PageClasses.LandingPage.doLogin(LandingPage.java:82)
	at TestCases.SystemTest.SystemTest1(SystemTest.java:33)
... Removed 25 stack frames]]>
    </failure>
  </testcase> <!-- SystemTest1 -->
  <testcase name="SystemTest1" time="22.137" classname="TestCases.SystemTest">
    <failure type="java.lang.AssertionError" message="User email or password incorrect ">
      <![CDATA[java.lang.AssertionError: User email or password incorrect 
	at baseClasses.PageBaseClass.reportFail(PageBaseClass.java:51)
	at PageClasses.LandingPage.doLogin(LandingPage.java:82)
	at TestCases.SystemTest.SystemTest1(SystemTest.java:33)
... Removed 25 stack frames]]>
    </failure>
  </testcase> <!-- SystemTest1 -->
  <testcase name="SystemTest1" time="23.244" classname="TestCases.SystemTest">
    <failure type="java.lang.AssertionError" message="User email or password incorrect ">
      <![CDATA[java.lang.AssertionError: User email or password incorrect 
	at baseClasses.PageBaseClass.reportFail(PageBaseClass.java:51)
	at PageClasses.LandingPage.doLogin(LandingPage.java:82)
	at TestCases.SystemTest.SystemTest1(SystemTest.java:33)
... Removed 25 stack frames]]>
    </failure>
  </testcase> <!-- SystemTest1 -->
</testsuite> <!-- SystemTest -->
